C:\_Work\Projects\_power_ldr\_tbh\power_ldr_SRC\sdropper\vcxproj32\Release\CL.1404.read.1.tlog
C:\_Work\Projects\_power_ldr\_tbh\power_ldr_SRC\sdropper\vcxproj32\Release\CL.1404.write.1.tlog
C:\_Work\Projects\_power_ldr\_tbh\power_ldr_SRC\sdropper\vcxproj32\Release\CL.1504.read.1.tlog
C:\_Work\Projects\_power_ldr\_tbh\power_ldr_SRC\sdropper\vcxproj32\Release\CL.1504.write.1.tlog
C:\_Work\Projects\_power_ldr\_tbh\power_ldr_SRC\sdropper\vcxproj32\Release\CL.3052.read.1.tlog
C:\_Work\Projects\_power_ldr\_tbh\power_ldr_SRC\sdropper\vcxproj32\Release\CL.3052.write.1.tlog
C:\_Work\Projects\_power_ldr\_tbh\power_ldr_SRC\sdropper\vcxproj32\Release\CL.4292.read.1.tlog
C:\_Work\Projects\_power_ldr\_tbh\power_ldr_SRC\sdropper\vcxproj32\Release\CL.4292.write.1.tlog
C:\_Work\Projects\_power_ldr\_tbh\power_ldr_SRC\sdropper\vcxproj32\Release\CL.4380.read.1.tlog
C:\_Work\Projects\_power_ldr\_tbh\power_ldr_SRC\sdropper\vcxproj32\Release\CL.4380.write.1.tlog
C:\_Work\Projects\_power_ldr\_tbh\power_ldr_SRC\sdropper\vcxproj32\Release\CL.4484.read.1.tlog
C:\_Work\Projects\_power_ldr\_tbh\power_ldr_SRC\sdropper\vcxproj32\Release\CL.4484.write.1.tlog
C:\_Work\Projects\_power_ldr\_tbh\power_ldr_SRC\sdropper\vcxproj32\Release\CL.5776.read.1.tlog
C:\_Work\Projects\_power_ldr\_tbh\power_ldr_SRC\sdropper\vcxproj32\Release\CL.5776.write.1.tlog
C:\_Work\Projects\_power_ldr\_tbh\power_ldr_SRC\sdropper\vcxproj32\Release\CL.5876.read.1.tlog
C:\_Work\Projects\_power_ldr\_tbh\power_ldr_SRC\sdropper\vcxproj32\Release\CL.5876.write.1.tlog
C:\_Work\Projects\_power_ldr\_tbh\power_ldr_SRC\sdropper\vcxproj32\Release\cl.command.1.tlog
C:\_Work\Projects\_power_ldr\_tbh\power_ldr_SRC\sdropper\vcxproj32\Release\CL.read.1.tlog
C:\_Work\Projects\_power_ldr\_tbh\power_ldr_SRC\sdropper\vcxproj32\Release\cl.write.1.tlog
C:\_WORK\PROJECTS\_POWER_LDR\_TBH\POWER_LDR_SRC\SDROPPER\VCXPROJ32\RELEASE\DROPPER.OBJ
C:\_WORK\PROJECTS\_POWER_LDR\_TBH\POWER_LDR_SRC\SDROPPER\VCXPROJ32\RELEASE\INJECT.OBJ
C:\_WORK\PROJECTS\_POWER_LDR\_TBH\POWER_LDR_SRC\SDROPPER\VCXPROJ32\RELEASE\PELDR.OBJ
C:\_WORK\PROJECTS\_POWER_LDR\_TBH\POWER_LDR_SRC\SDROPPER\VCXPROJ32\RELEASE\PROTECT.OBJ
C:\_WORK\PROJECTS\_POWER_LDR\_TBH\POWER_LDR_SRC\SDROPPER\VCXPROJ32\RELEASE\SECCFG.OBJ
C:\_WORK\PROJECTS\_POWER_LDR\_TBH\POWER_LDR_SRC\SDROPPER\VCXPROJ32\RELEASE\SERVER.OBJ
C:\_WORK\PROJECTS\_POWER_LDR\_TBH\POWER_LDR_SRC\SDROPPER\VCXPROJ32\RELEASE\UTILS.OBJ
C:\_Work\Projects\_power_ldr\_tbh\power_ldr_SRC\sdropper\vcxproj32\Release\vc100.pdb
C:\_WORK\PROJECTS\_POWER_LDR\_TBH\POWER_LDR_SRC\SDROPPER\VCXPROJ32\RELEASE\X64UTILS.OBJ
