C:\_WORK\PROJECTS\_POWER_LDR\POWER_LDR\_OUT\DEBUG\SDROPPER64.EXE
C:\_Work\Projects\_power_ldr\power_ldr\_out\Debug\sdropper64.exp
C:\_Work\Projects\_power_ldr\power_ldr\_out\Debug\sdropper64.lib
C:\_WORK\PROJECTS\_POWER_LDR\POWER_LDR\_OUT\DEBUG\SDROPPER64.MAP
C:\_WORK\PROJECTS\_POWER_LDR\POWER_LDR\_OUT\DEBUG\SDROPPER64.PDB
C:\_Work\Projects\_power_ldr\power_ldr\_vcxproj\..\_out\Debug\sdropper64.exe
C:\_Work\Projects\_power_ldr\power_ldr\_vcxproj\..\_out\Debug\sdropper64.pdb
C:\_Work\Projects\_power_ldr\power_ldr\sdropper\vcxproj64\Debug\cfgini.obj
C:\_Work\Projects\_power_ldr\power_ldr\sdropper\vcxproj64\Debug\CL.2092.read.1.tlog
C:\_Work\Projects\_power_ldr\power_ldr\sdropper\vcxproj64\Debug\CL.2092.write.1.tlog
C:\_Work\Projects\_power_ldr\power_ldr\sdropper\vcxproj64\Debug\CL.2320.read.1.tlog
C:\_Work\Projects\_power_ldr\power_ldr\sdropper\vcxproj64\Debug\CL.2320.write.1.tlog
C:\_Work\Projects\_power_ldr\power_ldr\sdropper\vcxproj64\Debug\CL.2748.read.1.tlog
C:\_Work\Projects\_power_ldr\power_ldr\sdropper\vcxproj64\Debug\CL.2748.write.1.tlog
C:\_Work\Projects\_power_ldr\power_ldr\sdropper\vcxproj64\Debug\CL.2952.read.1.tlog
C:\_Work\Projects\_power_ldr\power_ldr\sdropper\vcxproj64\Debug\CL.2952.write.1.tlog
C:\_Work\Projects\_power_ldr\power_ldr\sdropper\vcxproj64\Debug\CL.3880.read.1.tlog
C:\_Work\Projects\_power_ldr\power_ldr\sdropper\vcxproj64\Debug\CL.3880.write.1.tlog
C:\_Work\Projects\_power_ldr\power_ldr\sdropper\vcxproj64\Debug\CL.4472.read.1.tlog
C:\_Work\Projects\_power_ldr\power_ldr\sdropper\vcxproj64\Debug\CL.4472.write.1.tlog
C:\_Work\Projects\_power_ldr\power_ldr\sdropper\vcxproj64\Debug\CL.4664.read.1.tlog
C:\_Work\Projects\_power_ldr\power_ldr\sdropper\vcxproj64\Debug\CL.4664.write.1.tlog
C:\_Work\Projects\_power_ldr\power_ldr\sdropper\vcxproj64\Debug\CL.5996.read.1.tlog
C:\_Work\Projects\_power_ldr\power_ldr\sdropper\vcxproj64\Debug\CL.5996.write.1.tlog
C:\_Work\Projects\_power_ldr\power_ldr\sdropper\vcxproj64\Debug\cl.command.1.tlog
C:\_Work\Projects\_power_ldr\power_ldr\sdropper\vcxproj64\Debug\CL.read.1.tlog
C:\_Work\Projects\_power_ldr\power_ldr\sdropper\vcxproj64\Debug\cl.write.1.tlog
C:\_Work\Projects\_power_ldr\power_ldr\sdropper\vcxproj64\Debug\config.obj
C:\_Work\Projects\_power_ldr\power_ldr\sdropper\vcxproj64\Debug\dropper.obj
C:\_Work\Projects\_power_ldr\power_ldr\sdropper\vcxproj64\Debug\exploit.obj
C:\_Work\Projects\_power_ldr\power_ldr\sdropper\vcxproj64\Debug\inject.obj
C:\_Work\Projects\_power_ldr\power_ldr\sdropper\vcxproj64\Debug\link.command.1.tlog
C:\_Work\Projects\_power_ldr\power_ldr\sdropper\vcxproj64\Debug\link.read.1.tlog
C:\_Work\Projects\_power_ldr\power_ldr\sdropper\vcxproj64\Debug\link.write.1.tlog
C:\_Work\Projects\_power_ldr\power_ldr\sdropper\vcxproj64\Debug\peldr.obj
C:\_Work\Projects\_power_ldr\power_ldr\sdropper\vcxproj64\Debug\protect.obj
C:\_Work\Projects\_power_ldr\power_ldr\sdropper\vcxproj64\Debug\sdropper64.write.1.tlog
C:\_Work\Projects\_power_ldr\power_ldr\sdropper\vcxproj64\Debug\seccfg.obj
C:\_Work\Projects\_power_ldr\power_ldr\sdropper\vcxproj64\Debug\server.obj
C:\_Work\Projects\_power_ldr\power_ldr\sdropper\vcxproj64\Debug\utils.obj
C:\_WORK\PROJECTS\_POWER_LDR\POWER_LDR\SDROPPER\VCXPROJ64\DEBUG\VC100.PDB
