Построение начато 16.10.2012 18:12:22.
     1>Проект "C:\_Work\Projects\_power_ldr\_tbh\power_ldr_SRC\builder\vcxproj\builder.vcxproj" в узле 3 (целевые объекты rebuild).
     1>_PrepareForClean:
         Файл "Release\builder.lastbuildstate" удаляется.
       InitializeBuildStatus:
         Обращение к "Release\builder.unsuccessfulbuild".
       PreBuildEvent:
         ..\..\tools\bin2hex.exe ..\..\_out\Release\sdropper32.exe ..\..\binhex\Release\sdropper32-hex.h
         ..\..\tools\bin2hex.exe ..\..\_out\Release\sdropper64.exe ..\..\binhex\Release\sdropper64-hex.h
         :VCEnd
       ClCompile:
         c:\Program Files (x86)\Microsoft Visual Studio 10.0\VC\bin\CL.exe /c /I..\..\share /I..\..\binhex\Release /Zi /nologo /W3 /WX- /Ox /Ob2 /Oi /Os /Oy- /GL /D WIN32 /D _WIN32 /D NDEBUG /D _WINDOWS /D _CRT_SECURE_NO_WARNINGS /D _BUILDER /D _MBCS /Gm- /MT /GS- /Gy /fp:precise /Zc:wchar_t /Zc:forScope /GR- /Fo"Release\\" /Fd"Release\vc100.pdb" /Gz /TP /analyze- /errorReport:prompt ..\..\share\peldr.cpp ..\..\share\seccfg.cpp ..\..\share\utils.cpp ..\builder.cpp /MP 
         peldr.cpp
         seccfg.cpp
         utils.cpp
         builder.cpp
       ResourceCompile:
         c:\Program Files (x86)\Microsoft SDKs\Windows\v7.0A\bin\rc.exe /l"0x0409" /nologo /fo"Release\builder.res" builder.rc 
       Link:
         c:\Program Files (x86)\Microsoft Visual Studio 10.0\VC\bin\link.exe /ERRORREPORT:PROMPT /OUT:"..\..\_out\builder_Release.exe" /INCREMENTAL:NO /NOLOGO ntdll32.lib shlwapi.lib wsock32.lib wininet.lib rpcrt4.lib imagehlp.lib psapi.lib kernel32.lib user32.lib gdi32.lib winspool.lib comdlg32.lib advapi32.lib shell32.lib ole32.lib oleaut32.lib uuid.lib odbc32.lib odbccp32.lib /MANIFEST:NO /PDB:"C:\_Work\Projects\_power_ldr\_tbh\power_ldr_SRC\_out\builder_Release.pdb" /MAP /MAPINFO:EXPORTS /SUBSYSTEM:WINDOWS /OPT:REF /OPT:ICF /LTCG /TLBID:1 /ENTRY:"Entry" /RELEASE /DYNAMICBASE:NO /FIXED /NXCOMPAT /IMPLIB:"C:\_Work\Projects\_power_ldr\_tbh\power_ldr_SRC\_vcxproj\..\_out\builder_Release.lib" /MACHINE:X86 Release\builder.res
         Release\peldr.obj
         Release\seccfg.obj
         Release\utils.obj
         Release\builder.obj
         Создание кода
         Создание кода завершено
         builder.vcxproj -> C:\_Work\Projects\_power_ldr\_tbh\power_ldr_SRC\_vcxproj\..\_out\builder_Release.exe
       FinalizeBuildStatus:
         Файл "Release\builder.unsuccessfulbuild" удаляется.
         Обращение к "Release\builder.lastbuildstate".
     1>Построение проекта "C:\_Work\Projects\_power_ldr\_tbh\power_ldr_SRC\builder\vcxproj\builder.vcxproj" завершено (целевые объекты rebuild).

Построение успешно завершено.

Затраченное время: 00:00:00.74
