C:\_WORK\PROJECTS\_POWER_LDR\POWER_LDR\_OUT\BUILDER_DEBUG.EXE
C:\_WORK\PROJECTS\_POWER_LDR\POWER_LDR\_OUT\BUILDER_DEBUG.MAP
C:\_WORK\PROJECTS\_POWER_LDR\POWER_LDR\_OUT\BUILDER_DEBUG.PDB
C:\_Work\Projects\_power_ldr\power_ldr\_vcxproj\..\_out\builder_Debug.exe
C:\_Work\Projects\_power_ldr\power_ldr\_vcxproj\..\_out\builder_Debug.pdb
C:\_Work\Projects\_power_ldr\power_ldr\builder\vcxproj\Debug\builder.obj
C:\_WORK\PROJECTS\_POWER_LDR\POWER_LDR\BUILDER\VCXPROJ\DEBUG\BUILDER.RES
C:\_Work\Projects\_power_ldr\power_ldr\builder\vcxproj\Debug\CL.1412.read.1.tlog
C:\_Work\Projects\_power_ldr\power_ldr\builder\vcxproj\Debug\CL.1412.write.1.tlog
C:\_Work\Projects\_power_ldr\power_ldr\builder\vcxproj\Debug\CL.3720.read.1.tlog
C:\_Work\Projects\_power_ldr\power_ldr\builder\vcxproj\Debug\CL.3720.write.1.tlog
C:\_Work\Projects\_power_ldr\power_ldr\builder\vcxproj\Debug\CL.5256.read.1.tlog
C:\_Work\Projects\_power_ldr\power_ldr\builder\vcxproj\Debug\CL.5256.write.1.tlog
C:\_Work\Projects\_power_ldr\power_ldr\builder\vcxproj\Debug\CL.5636.read.1.tlog
C:\_Work\Projects\_power_ldr\power_ldr\builder\vcxproj\Debug\CL.5636.write.1.tlog
C:\_Work\Projects\_power_ldr\power_ldr\builder\vcxproj\Debug\cl.command.1.tlog
C:\_Work\Projects\_power_ldr\power_ldr\builder\vcxproj\Debug\CL.read.1.tlog
C:\_Work\Projects\_power_ldr\power_ldr\builder\vcxproj\Debug\cl.write.1.tlog
C:\_Work\Projects\_power_ldr\power_ldr\builder\vcxproj\Debug\link.command.1.tlog
C:\_Work\Projects\_power_ldr\power_ldr\builder\vcxproj\Debug\link.read.1.tlog
C:\_Work\Projects\_power_ldr\power_ldr\builder\vcxproj\Debug\link.write.1.tlog
C:\_Work\Projects\_power_ldr\power_ldr\builder\vcxproj\Debug\link-cvtres.read.1.tlog
C:\_Work\Projects\_power_ldr\power_ldr\builder\vcxproj\Debug\link-cvtres.write.1.tlog
C:\_Work\Projects\_power_ldr\power_ldr\builder\vcxproj\Debug\peldr.obj
C:\_Work\Projects\_power_ldr\power_ldr\builder\vcxproj\Debug\rc.command.1.tlog
C:\_Work\Projects\_power_ldr\power_ldr\builder\vcxproj\Debug\rc.read.1.tlog
C:\_Work\Projects\_power_ldr\power_ldr\builder\vcxproj\Debug\rc.write.1.tlog
C:\_Work\Projects\_power_ldr\power_ldr\builder\vcxproj\Debug\seccfg.obj
C:\_Work\Projects\_power_ldr\power_ldr\builder\vcxproj\Debug\utils.obj
C:\_WORK\PROJECTS\_POWER_LDR\POWER_LDR\BUILDER\VCXPROJ\DEBUG\VC100.PDB
