C:\_Work\Projects\_power_ldr\_tbh\power_ldr_SRC\sdropper\vcxproj64\Release\CL.2828.read.1.tlog
C:\_Work\Projects\_power_ldr\_tbh\power_ldr_SRC\sdropper\vcxproj64\Release\CL.2828.write.1.tlog
C:\_Work\Projects\_power_ldr\_tbh\power_ldr_SRC\sdropper\vcxproj64\Release\CL.2856.read.1.tlog
C:\_Work\Projects\_power_ldr\_tbh\power_ldr_SRC\sdropper\vcxproj64\Release\CL.2856.write.1.tlog
C:\_Work\Projects\_power_ldr\_tbh\power_ldr_SRC\sdropper\vcxproj64\Release\CL.4032.read.1.tlog
C:\_Work\Projects\_power_ldr\_tbh\power_ldr_SRC\sdropper\vcxproj64\Release\CL.4032.write.1.tlog
C:\_Work\Projects\_power_ldr\_tbh\power_ldr_SRC\sdropper\vcxproj64\Release\CL.4980.read.1.tlog
C:\_Work\Projects\_power_ldr\_tbh\power_ldr_SRC\sdropper\vcxproj64\Release\CL.4980.write.1.tlog
C:\_Work\Projects\_power_ldr\_tbh\power_ldr_SRC\sdropper\vcxproj64\Release\CL.5316.read.1.tlog
C:\_Work\Projects\_power_ldr\_tbh\power_ldr_SRC\sdropper\vcxproj64\Release\CL.5316.write.1.tlog
C:\_Work\Projects\_power_ldr\_tbh\power_ldr_SRC\sdropper\vcxproj64\Release\CL.5848.read.1.tlog
C:\_Work\Projects\_power_ldr\_tbh\power_ldr_SRC\sdropper\vcxproj64\Release\CL.5848.write.1.tlog
C:\_Work\Projects\_power_ldr\_tbh\power_ldr_SRC\sdropper\vcxproj64\Release\CL.5976.read.1.tlog
C:\_Work\Projects\_power_ldr\_tbh\power_ldr_SRC\sdropper\vcxproj64\Release\CL.5976.write.1.tlog
C:\_Work\Projects\_power_ldr\_tbh\power_ldr_SRC\sdropper\vcxproj64\Release\CL.6104.read.1.tlog
C:\_Work\Projects\_power_ldr\_tbh\power_ldr_SRC\sdropper\vcxproj64\Release\CL.6104.write.1.tlog
C:\_Work\Projects\_power_ldr\_tbh\power_ldr_SRC\sdropper\vcxproj64\Release\cl.command.1.tlog
C:\_Work\Projects\_power_ldr\_tbh\power_ldr_SRC\sdropper\vcxproj64\Release\CL.read.1.tlog
C:\_Work\Projects\_power_ldr\_tbh\power_ldr_SRC\sdropper\vcxproj64\Release\cl.write.1.tlog
C:\_WORK\PROJECTS\_POWER_LDR\_TBH\POWER_LDR_SRC\SDROPPER\VCXPROJ64\RELEASE\DROPPER.OBJ
C:\_WORK\PROJECTS\_POWER_LDR\_TBH\POWER_LDR_SRC\SDROPPER\VCXPROJ64\RELEASE\INJECT.OBJ
C:\_WORK\PROJECTS\_POWER_LDR\_TBH\POWER_LDR_SRC\SDROPPER\VCXPROJ64\RELEASE\PELDR.OBJ
C:\_WORK\PROJECTS\_POWER_LDR\_TBH\POWER_LDR_SRC\SDROPPER\VCXPROJ64\RELEASE\PROTECT.OBJ
C:\_WORK\PROJECTS\_POWER_LDR\_TBH\POWER_LDR_SRC\SDROPPER\VCXPROJ64\RELEASE\SECCFG.OBJ
C:\_WORK\PROJECTS\_POWER_LDR\_TBH\POWER_LDR_SRC\SDROPPER\VCXPROJ64\RELEASE\SERVER.OBJ
C:\_WORK\PROJECTS\_POWER_LDR\_TBH\POWER_LDR_SRC\SDROPPER\VCXPROJ64\RELEASE\UTILS.OBJ
C:\_Work\Projects\_power_ldr\_tbh\power_ldr_SRC\sdropper\vcxproj64\Release\vc100.pdb
