C:\_WORK\PROJECTS\_POWER_LDR\POWER_LDR\_OUT\DEBUG\SDROPPER32.EXE
C:\_Work\Projects\_power_ldr\power_ldr\_out\Debug\sdropper32.exp
C:\_Work\Projects\_power_ldr\power_ldr\_out\Debug\sdropper32.lib
C:\_WORK\PROJECTS\_POWER_LDR\POWER_LDR\_OUT\DEBUG\SDROPPER32.MAP
C:\_WORK\PROJECTS\_POWER_LDR\POWER_LDR\_OUT\DEBUG\SDROPPER32.PDB
C:\_Work\Projects\_power_ldr\power_ldr\_vcxproj\..\_out\Debug\sdropper32.exe
C:\_Work\Projects\_power_ldr\power_ldr\_vcxproj\..\_out\Debug\sdropper32.pdb
C:\_Work\Projects\_power_ldr\power_ldr\sdropper\vcxproj32\Debug\cfgini.obj
C:\_Work\Projects\_power_ldr\power_ldr\sdropper\vcxproj32\Debug\CL.1164.read.1.tlog
C:\_Work\Projects\_power_ldr\power_ldr\sdropper\vcxproj32\Debug\CL.1164.write.1.tlog
C:\_Work\Projects\_power_ldr\power_ldr\sdropper\vcxproj32\Debug\CL.2432.read.1.tlog
C:\_Work\Projects\_power_ldr\power_ldr\sdropper\vcxproj32\Debug\CL.2432.write.1.tlog
C:\_Work\Projects\_power_ldr\power_ldr\sdropper\vcxproj32\Debug\CL.2740.read.1.tlog
C:\_Work\Projects\_power_ldr\power_ldr\sdropper\vcxproj32\Debug\CL.2740.write.1.tlog
C:\_Work\Projects\_power_ldr\power_ldr\sdropper\vcxproj32\Debug\CL.2984.read.1.tlog
C:\_Work\Projects\_power_ldr\power_ldr\sdropper\vcxproj32\Debug\CL.2984.write.1.tlog
C:\_Work\Projects\_power_ldr\power_ldr\sdropper\vcxproj32\Debug\CL.4748.read.1.tlog
C:\_Work\Projects\_power_ldr\power_ldr\sdropper\vcxproj32\Debug\CL.4748.write.1.tlog
C:\_Work\Projects\_power_ldr\power_ldr\sdropper\vcxproj32\Debug\CL.4988.read.1.tlog
C:\_Work\Projects\_power_ldr\power_ldr\sdropper\vcxproj32\Debug\CL.4988.write.1.tlog
C:\_Work\Projects\_power_ldr\power_ldr\sdropper\vcxproj32\Debug\CL.5112.read.1.tlog
C:\_Work\Projects\_power_ldr\power_ldr\sdropper\vcxproj32\Debug\CL.5112.write.1.tlog
C:\_Work\Projects\_power_ldr\power_ldr\sdropper\vcxproj32\Debug\CL.5580.read.1.tlog
C:\_Work\Projects\_power_ldr\power_ldr\sdropper\vcxproj32\Debug\CL.5580.write.1.tlog
C:\_Work\Projects\_power_ldr\power_ldr\sdropper\vcxproj32\Debug\cl.command.1.tlog
C:\_Work\Projects\_power_ldr\power_ldr\sdropper\vcxproj32\Debug\CL.read.1.tlog
C:\_Work\Projects\_power_ldr\power_ldr\sdropper\vcxproj32\Debug\cl.write.1.tlog
C:\_Work\Projects\_power_ldr\power_ldr\sdropper\vcxproj32\Debug\config.obj
C:\_Work\Projects\_power_ldr\power_ldr\sdropper\vcxproj32\Debug\dropper.obj
C:\_Work\Projects\_power_ldr\power_ldr\sdropper\vcxproj32\Debug\exploit.obj
C:\_Work\Projects\_power_ldr\power_ldr\sdropper\vcxproj32\Debug\inject.obj
C:\_Work\Projects\_power_ldr\power_ldr\sdropper\vcxproj32\Debug\link.command.1.tlog
C:\_Work\Projects\_power_ldr\power_ldr\sdropper\vcxproj32\Debug\link.read.1.tlog
C:\_Work\Projects\_power_ldr\power_ldr\sdropper\vcxproj32\Debug\link.write.1.tlog
C:\_Work\Projects\_power_ldr\power_ldr\sdropper\vcxproj32\Debug\peldr.obj
C:\_Work\Projects\_power_ldr\power_ldr\sdropper\vcxproj32\Debug\protect.obj
C:\_Work\Projects\_power_ldr\power_ldr\sdropper\vcxproj32\Debug\sdropper32.write.1.tlog
C:\_Work\Projects\_power_ldr\power_ldr\sdropper\vcxproj32\Debug\seccfg.obj
C:\_Work\Projects\_power_ldr\power_ldr\sdropper\vcxproj32\Debug\server.obj
C:\_Work\Projects\_power_ldr\power_ldr\sdropper\vcxproj32\Debug\utils.obj
C:\_WORK\PROJECTS\_POWER_LDR\POWER_LDR\SDROPPER\VCXPROJ32\DEBUG\VC100.PDB
C:\_Work\Projects\_power_ldr\power_ldr\sdropper\vcxproj32\Debug\x64utils.obj
